<?xml version="1.0" encoding="UTF-8"?>
<testng-results ignored="0" total="3" passed="3" failed="0" skipped="0">
  <reporter-output>
  </reporter-output>
  <suite started-at="2021-12-30T11:59:20 IST" name="Suite" finished-at="2021-12-30T11:59:52 IST" duration-ms="32079">
    <groups>
    </groups>
    <test started-at="2021-12-30T11:59:20 IST" name="Test" finished-at="2021-12-30T11:59:52 IST" duration-ms="32079">
      <class name="com.ITestlisteners.TestNGbrowser">
        <test-method signature="Googleverify()[pri:0, instance:com.ITestlisteners.TestNGbrowser@2f217633]" started-at="2021-12-30T11:59:38 IST" name="Googleverify" finished-at="2021-12-30T11:59:52 IST" duration-ms="14243" status="PASS">
          <reporter-output>
          </reporter-output>
        </test-method> <!-- Googleverify -->
      </class> <!-- com.ITestlisteners.TestNGbrowser -->
      <class name="com.ITestlisteners.MyfirsttTestcase">
        <test-method signature="GoogleTitle()[pri:0, instance:com.ITestlisteners.MyfirsttTestcase@bd4dc25]" started-at="2021-12-30T11:59:20 IST" name="GoogleTitle" finished-at="2021-12-30T11:59:38 IST" duration-ms="17744" status="PASS">
          <reporter-output>
          </reporter-output>
        </test-method> <!-- GoogleTitle -->
        <test-method signature="Titlemach()[pri:0, instance:com.ITestlisteners.MyfirsttTestcase@bd4dc25]" started-at="2021-12-30T11:59:38 IST" name="Titlemach" finished-at="2021-12-30T11:59:38 IST" duration-ms="2" status="PASS">
          <reporter-output>
          </reporter-output>
        </test-method> <!-- Titlemach -->
      </class> <!-- com.ITestlisteners.MyfirsttTestcase -->
    </test> <!-- Test -->
  </suite> <!-- Suite -->
</testng-results>
